<?xml version="1.0" encoding="UTF-8"?>
<!-- Generated by org.testng.reporters.JUnitReportReporter -->
<testsuite hostname="smart" name="ForexChannel.SignUpDone" tests="1" failures="0" timestamp="29 Jun 2017 09:24:02 GMT" time="40.661" errors="0">
  <testcase name="testForexChannel" time="40.661" classname="ForexChannel.SignUpDone"/>
</testsuite> <!-- ForexChannel.SignUpDone -->
