<?xml version="1.0" encoding="UTF-8"?>
<!-- Generated by org.testng.reporters.JUnitReportReporter -->
<testsuite hostname="smart" name="ForexChannel.ForgetPassword" tests="1" failures="0" timestamp="29 Jun 2017 08:47:21 GMT" time="18.184" errors="0">
  <testcase name="testForexChannel" time="18.184" classname="ForexChannel.ForgetPassword"/>
</testsuite> <!-- ForexChannel.ForgetPassword -->
