<?xml version="1.0" encoding="UTF-8"?>
<!-- Generated by org.testng.reporters.JUnitReportReporter -->
<testsuite hostname="smart" name="ForexChannel.SignUp" tests="1" failures="0" timestamp="29 Jun 2017 07:26:31 GMT" time="139.056" errors="0">
  <testcase name="testForexChannel" time="139.056" classname="ForexChannel.SignUp"/>
</testsuite> <!-- ForexChannel.SignUp -->
