<?xml version="1.0" encoding="UTF-8"?>
<!-- Generated by org.testng.reporters.JUnitReportReporter -->
<testsuite hostname="smart" name="ForexChannel.SignUpValidation1" tests="1" failures="0" timestamp="29 Jun 2017 09:46:08 GMT" time="87.349" errors="0">
  <testcase name="testForexChannel" time="87.349" classname="ForexChannel.SignUpValidation1"/>
</testsuite> <!-- ForexChannel.SignUpValidation1 -->
